#
# There is insufficient memory for the Java Runtime Environment to continue.
# Native memory allocation (mmap) failed to map 536870912 bytes for G1 virtual space
# Possible reasons:
#   The system is out of physical RAM or swap space
#   The process is running with CompressedOops enabled, and the Java Heap may be blocking the growth of the native heap
# Possible solutions:
#   Reduce memory load on the system
#   Increase physical memory or swap space
#   Check if swap backing store is full
#   Decrease Java heap size (-Xmx/-Xms)
#   Decrease number of Java threads
#   Decrease Java thread stack sizes (-Xss)
#   Set larger code cache with -XX:ReservedCodeCacheSize=
#   JVM is running with Zero Based Compressed Oops mode in which the Java heap is
#     placed in the first 32GB address space. The Java Heap base address is the
#     maximum limit for the native heap growth. Please use -XX:HeapBaseMinAddress
#     to set the Java Heap base and to place the Java Heap above 32GB virtual address.
# This output file may be truncated or incomplete.
#
#  Out of Memory Error (os_windows.cpp:3600), pid=17156, tid=2300
#
# JRE version:  (21.0+35) (build )
# Java VM: OpenJDK 64-Bit Server VM (21+35-2513, mixed mode, sharing, tiered, compressed oops, compressed class ptrs, g1 gc, windows-amd64)
# No core dump will be written. Minidumps are not enabled by default on client versions of Windows
#

---------------  S U M M A R Y ------------

Command Line: -agentlib:jdwp=transport=dt_socket,server=n,suspend=y,address=localhost:64396 -XX:+ShowCodeDetailsInExceptionMessages ex02.Oper01

Host: 12th Gen Intel(R) Core(TM) i7-12700F, 20 cores, 31G,  Windows 11 , 64 bit Build 26100 (10.0.26100.7019)
Time: Wed Nov 26 12:35:14 2025  Windows 11 , 64 bit Build 26100 (10.0.26100.7019) elapsed time: 0.007904 seconds (0d 0h 0m 0s)

---------------  T H R E A D  ---------------

Current thread (0x00000240ba6888d0):  JavaThread "Unknown thread" [_thread_in_vm, id=2300, stack(0x000000bf67000000,0x000000bf67100000) (1024K)]

Stack: [0x000000bf67000000,0x000000bf67100000]
Native frames: (J=compiled Java code, j=interpreted, Vv=VM code, C=native code)
V  [jvm.dll+0x6c8d39]
V  [jvm.dll+0x854091]
V  [jvm.dll+0x85630e]
V  [jvm.dll+0x8569e3]
V  [jvm.dll+0x2809a6]
V  [jvm.dll+0x6c5425]
V  [jvm.dll+0x6b9e1a]
V  [jvm.dll+0x3555ba]
V  [jvm.dll+0x35d206]
V  [jvm.dll+0x3adf6e]
V  [jvm.dll+0x3ae218]
V  [jvm.dll+0x328fcc]
V  [jvm.dll+0x329b5b]
V  [jvm.dll+0x81c699]
V  [jvm.dll+0x3bb2a1]
V  [jvm.dll+0x805688]
V  [jvm.dll+0x44ed9e]
V  [jvm.dll+0x4506a1]
C  [jli.dll+0x52a3]
C  [ucrtbase.dll+0x37b0]
C  [KERNEL32.DLL+0x2e8d7]
C  [ntdll.dll+0x8c53c]


---------------  P R O C E S S  ---------------

Threads class SMR info:
_java_thread_list=0x00007ff8f4047b48, length=0, elements={
}

Java Threads: ( => current thread )
Total: 0

Other Threads:
  0x00000240bcb6d5a0 WorkerThread "GC Thread#0"                     [id=12536, stack(0x000000bf67100000,0x000000bf67200000) (1024K)]
  0x00000240bcb7f2d0 ConcurrentGCThread "G1 Main Marker"            [id=8328, stack(0x000000bf67200000,0x000000bf67300000) (1024K)]
  0x00000240bcb7fdd0 WorkerThread "G1 Conc#0"                       [id=1892, stack(0x000000bf67300000,0x000000bf67400000) (1024K)]

[error occurred during error reporting (printing all threads), id 0xc0000005, EXCEPTION_ACCESS_VIOLATION (0xc0000005) at pc=0x00007ff8f37bc097]
VM state: not at safepoint (not fully initialized)

VM Mutex/Monitor currently owned by a thread:  ([mutex/lock_event])
[0x00007ff8f40b8648] Heap_lock - owner thread: 0x00000240ba6888d0

Heap address: 0x0000000602400000, size: 8156 MB, Compressed Oops mode: Zero based, Oop shift amount: 3

CDS archive(s) mapped at: [0x0000000000000000-0x0000000000000000-0x0000000000000000), size 0, SharedBaseAddress: 0x0000000800000000, ArchiveRelocationMode: 1.
Narrow klass base: 0x0000000000000000, Narrow klass shift: 0, Narrow klass range: 0x0

GC Precious Log:
 CardTable entry size: 512
 Card Set container configuration: InlinePtr #cards 4 size 8 Array Of Cards #cards 32 size 80 Howl #buckets 8 coarsen threshold 7372 Howl Bitmap #cards 1024 size 144 coarsen threshold 921 Card regions per heap region 1 cards per card region 8192

Heap:
 garbage-first heap   total 0K, used 0K [0x0000000602400000, 0x0000000800000000)
  region size 4096K, 0 young (0K), 0 survivors (0K)

[error occurred during error reporting (printing heap information), id 0xc0000005, EXCEPTION_ACCESS_VIOLATION (0xc0000005) at pc=0x00007ff8f3ba1939]
GC Heap History (0 events):
No events

Dll operation events (1 events):
Event: 0.004 Loaded shared library C:\tools\jdk-21\bin\java.dll

Deoptimization events (0 events):
No events

Classes loaded (0 events):
No events

Classes unloaded (0 events):
No events

Classes redefined (0 events):
No events

Internal exceptions (0 events):
No events

ZGC Phase Switch (0 events):
No events

VM Operations (0 events):
No events

Events (0 events):
No events


Dynamic libraries:
0x00007ff7b5cb0000 - 0x00007ff7b5cbe000 	C:\tools\jdk-21\bin\java.exe
0x00007ff9663c0000 - 0x00007ff966628000 	C:\WINDOWS\SYSTEM32\ntdll.dll
0x00007ff965530000 - 0x00007ff9655f9000 	C:\WINDOWS\System32\KERNEL32.DLL
0x00007ff963a30000 - 0x00007ff963e28000 	C:\WINDOWS\System32\KERNELBASE.dll
0x00007ff964010000 - 0x00007ff96415b000 	C:\WINDOWS\System32\ucrtbase.dll
0x00007ff951740000 - 0x00007ff951758000 	C:\tools\jdk-21\bin\jli.dll
0x00007ff90f550000 - 0x00007ff90f56b000 	C:\tools\jdk-21\bin\VCRUNTIME140.dll
0x00007ff964160000 - 0x00007ff964327000 	C:\WINDOWS\System32\USER32.dll
0x00007ff9635c0000 - 0x00007ff9635e7000 	C:\WINDOWS\System32\win32u.dll
0x00007ff964740000 - 0x00007ff96476b000 	C:\WINDOWS\System32\GDI32.dll
0x00007ff94b070000 - 0x00007ff94b304000 	C:\WINDOWS\WinSxS\amd64_microsoft.windows.common-controls_6595b64144ccf1df_6.0.26100.7019_none_3e06ffa0e335b8a8\COMCTL32.dll
0x00007ff963ee0000 - 0x00007ff96400c000 	C:\WINDOWS\System32\gdi32full.dll
0x00007ff964ff0000 - 0x00007ff965099000 	C:\WINDOWS\System32\msvcrt.dll
0x00007ff963510000 - 0x00007ff9635b3000 	C:\WINDOWS\System32\msvcp_win.dll
0x00007ff965600000 - 0x00007ff965631000 	C:\WINDOWS\System32\IMM32.DLL
0x00007ff95e5e0000 - 0x00007ff95e5ec000 	C:\tools\jdk-21\bin\vcruntime140_1.dll
0x00007ff94cfb0000 - 0x00007ff94d03e000 	C:\tools\jdk-21\bin\msvcp140.dll
0x00007ff8f3480000 - 0x00007ff8f4193000 	C:\tools\jdk-21\bin\server\jvm.dll
0x00007ff965640000 - 0x00007ff9656f4000 	C:\WINDOWS\System32\ADVAPI32.dll
0x00007ff964ed0000 - 0x00007ff964f76000 	C:\WINDOWS\System32\sechost.dll
0x00007ff966250000 - 0x00007ff966368000 	C:\WINDOWS\System32\RPCRT4.dll
0x00007ff965be0000 - 0x00007ff965c54000 	C:\WINDOWS\System32\WS2_32.dll
0x00007ff962e10000 - 0x00007ff962e6e000 	C:\WINDOWS\SYSTEM32\POWRPROF.dll
0x00007ff95d930000 - 0x00007ff95d93b000 	C:\WINDOWS\SYSTEM32\VERSION.dll
0x00007ff959d70000 - 0x00007ff959da5000 	C:\WINDOWS\SYSTEM32\WINMM.dll
0x00007ff962db0000 - 0x00007ff962dc4000 	C:\WINDOWS\SYSTEM32\UMPDC.dll
0x00007ff962290000 - 0x00007ff9622ab000 	C:\WINDOWS\SYSTEM32\kernel.appcore.dll
0x00007ff95e3c0000 - 0x00007ff95e3ca000 	C:\tools\jdk-21\bin\jimage.dll
0x00007ff952410000 - 0x00007ff952652000 	C:\WINDOWS\SYSTEM32\DBGHELP.DLL
0x00007ff965c60000 - 0x00007ff965feb000 	C:\WINDOWS\System32\combase.dll
0x00007ff964660000 - 0x00007ff964737000 	C:\WINDOWS\System32\OLEAUT32.dll
0x00007ff945600000 - 0x00007ff94563c000 	C:\WINDOWS\SYSTEM32\dbgcore.DLL
0x00007ff963e30000 - 0x00007ff963ed5000 	C:\WINDOWS\System32\bcryptPrimitives.dll
0x00007ff94dcc0000 - 0x00007ff94dcfc000 	C:\tools\jdk-21\bin\jdwp.dll
0x00007ff94f1e0000 - 0x00007ff94f1ff000 	C:\tools\jdk-21\bin\java.dll

dbghelp: loaded successfully - version: 4.0.5 - missing functions: none
symbol engine: initialized successfully - sym options: 0x614 - pdb path: .;C:\tools\jdk-21\bin;C:\WINDOWS\SYSTEM32;C:\WINDOWS\WinSxS\amd64_microsoft.windows.common-controls_6595b64144ccf1df_6.0.26100.7019_none_3e06ffa0e335b8a8;C:\tools\jdk-21\bin\server

VM Arguments:
jvm_args: -agentlib:jdwp=transport=dt_socket,server=n,suspend=y,address=localhost:64396 -XX:+ShowCodeDetailsInExceptionMessages 
java_command: ex02.Oper01
java_class_path (initial): C:\workspace\java_lab\study\bin
Launcher Type: SUN_STANDARD

[Global flags]
     intx CICompilerCount                          = 12                                        {product} {ergonomic}
     uint ConcGCThreads                            = 4                                         {product} {ergonomic}
     uint G1ConcRefinementThreads                  = 15                                        {product} {ergonomic}
   size_t G1HeapRegionSize                         = 4194304                                   {product} {ergonomic}
    uintx GCDrainStackTargetSize                   = 64                                        {product} {ergonomic}
   size_t InitialHeapSize                          = 536870912                                 {product} {ergonomic}
   size_t MarkStackSize                            = 4194304                                   {product} {ergonomic}
   size_t MaxHeapSize                              = 8552185856                                {product} {ergonomic}
   size_t MinHeapDeltaBytes                        = 4194304                                   {product} {ergonomic}
   size_t MinHeapSize                              = 8388608                                   {product} {ergonomic}
    uintx NonNMethodCodeHeapSize                   = 7602480                                {pd product} {ergonomic}
    uintx NonProfiledCodeHeapSize                  = 122027880                              {pd product} {ergonomic}
    uintx ProfiledCodeHeapSize                     = 122027880                              {pd product} {ergonomic}
    uintx ReservedCodeCacheSize                    = 251658240                              {pd product} {ergonomic}
     bool SegmentedCodeCache                       = true                                      {product} {ergonomic}
     bool ShowCodeDetailsInExceptionMessages       = true                                   {manageable} {command line}
   size_t SoftMaxHeapSize                          = 8552185856                             {manageable} {ergonomic}
     bool UseCompressedOops                        = true                           {product lp64_product} {ergonomic}
     bool UseG1GC                                  = true                                      {product} {ergonomic}
     bool UseLargePagesIndividualAllocation        = false                                  {pd product} {ergonomic}

Logging:
Log output configuration:
 #0: stdout all=warning uptime,level,tags foldmultilines=false
 #1: stderr all=off uptime,level,tags foldmultilines=false

Environment Variables:
JAVA_HOME=C:\tools\jdk-21
PATH=C:\WINDOWS\system32;C:\WINDOWS;C:\WINDOWS\System32\Wbem;C:\WINDOWS\System32\WindowsPowerShell\v1.0\;C:\WINDOWS\System32\OpenSSH\;C:\Program Files (x86)\Common Files\Acronis\VirtualFile\;C:\Program Files (x86)\Common Files\Acronis\VirtualFile64\;C:\Program Files (x86)\Common Files\Acronis\SnapAPI\;C:\Program Files\cursor\resources\app\bin;C:\tools\jdk-21\bin;C:\Users\G\AppData\Local\Microsoft\WindowsApps;c:\Users\G\.cursor\extensions\vscjava.vscode-java-debug-0.58.3-universal\bundled\scripts\noConfigScripts
USERNAME=G
LANG=en_US.UTF-8
OS=Windows_NT
PROCESSOR_IDENTIFIER=Intel64 Family 6 Model 151 Stepping 2, GenuineIntel
TMP=C:\Users\G\AppData\Local\Temp
TEMP=C:\Users\G\AppData\Local\Temp




---------------  S Y S T E M  ---------------

OS:
 Windows 11 , 64 bit Build 26100 (10.0.26100.7019)
OS uptime: 0 days 3:16 hours
Hyper-V role detected

CPU: total 20 (initial active 20) (10 cores per cpu, 2 threads per core) family 6 model 151 stepping 2 microcode 0x28, cx8, cmov, fxsr, ht, mmx, 3dnowpref, sse, sse2, sse3, ssse3, sse4.1, sse4.2, popcnt, lzcnt, tsc, tscinvbit, avx, avx2, aes, erms, clmul, bmi1, bmi2, adx, sha, fma, vzeroupper, clflush, clflushopt, clwb, hv, serialize, rdtscp, rdpid, fsrm, f16c, cet_ibt, cet_ss
Processor Information for all 20 processors :
  Max Mhz: 2100, Current Mhz: 2100, Mhz Limit: 2100

Memory: 4k page, system-wide physical 32619M (6078M free)
TotalPageFile size 58116M (AvailPageFile size 359M)
current process WorkingSet (physical memory assigned to process): 13M, peak: 13M
current process commit charge ("private bytes"): 75M, peak: 587M

vm_info: OpenJDK 64-Bit Server VM (21+35-2513) for windows-amd64 JRE (21+35-2513), built on 2023-08-09T20:25:10Z by "mach5one" with MS VC++ 17.1 (VS2022)

END.
